<?xml version="1.0" encoding="UTF-8"?>
<!-- Generated by org.testng.reporters.JUnitXMLReporter -->
<testsuite hostname="Rohan314709801" ignored="8" name="Command line test" tests="21" failures="0" timestamp="30 Sep 2019 18:14:00 GMT" time="17.362" errors="0">
  <testcase name="TC01_addList" time="2.626" classname="com.nagarro.nagp.restassured.assignment.TestC1_ListFlows"/>
  <testcase name="TC02_updateList" time="0.525" classname="com.nagarro.nagp.restassured.assignment.TestC1_ListFlows"/>
  <testcase name="TC03_deleteList" time="0.503" classname="com.nagarro.nagp.restassured.assignment.TestC1_ListFlows"/>
  <testcase name="TC04_getLists" time="0.499" classname="com.nagarro.nagp.restassured.assignment.TestC1_ListFlows"/>
  <testcase name="TC05_addTask" time="0.576" classname="com.nagarro.nagp.restassured.assignment.TestC2_TaskFlows"/>
  <testcase name="TC06_updateTask" time="0.725" classname="com.nagarro.nagp.restassured.assignment.TestC2_TaskFlows"/>
  <testcase name="TC07_deleteTask" time="0.504" classname="com.nagarro.nagp.restassured.assignment.TestC2_TaskFlows"/>
  <testcase name="TC08_getTasks" time="0.488" classname="com.nagarro.nagp.restassured.assignment.TestC2_TaskFlows"/>
  <testcase name="TC09_addSubTask" time="0.507" classname="com.nagarro.nagp.restassured.assignment.TestC3_SubTaskFlows"/>
  <testcase name="TC10_updateSubTask" time="0.515" classname="com.nagarro.nagp.restassured.assignment.TestC3_SubTaskFlows"/>
  <testcase name="TC11_deleteSubTask" time="0.607" classname="com.nagarro.nagp.restassured.assignment.TestC3_SubTaskFlows"/>
  <testcase name="TC12_getSubTasks" time="0.508" classname="com.nagarro.nagp.restassured.assignment.TestC3_SubTaskFlows"/>
  <testcase name="TC13_addTaskComment" time="0.572" classname="com.nagarro.nagp.restassured.assignment.TestC4_TaskCommentFlows"/>
  <testcase name="TC14_getSpecificComment" time="0.57" classname="com.nagarro.nagp.restassured.assignment.TestC4_TaskCommentFlows"/>
  <testcase name="TC15_getCommentsFromList" time="0.474" classname="com.nagarro.nagp.restassured.assignment.TestC4_TaskCommentFlows"/>
  <testcase name="TC16_getCommentsFromTask" time="0.495" classname="com.nagarro.nagp.restassured.assignment.TestC4_TaskCommentFlows"/>
  <testcase name="TC17_addNote" time="0.495" classname="com.nagarro.nagp.restassured.assignment.TestC5_NoteFlows"/>
  <testcase name="TC18_updateNote" time="0.501" classname="com.nagarro.nagp.restassured.assignment.TestC5_NoteFlows"/>
  <testcase name="TC19_getNotesFromList" time="0.546" classname="com.nagarro.nagp.restassured.assignment.TestC5_NoteFlows"/>
  <testcase name="TC20_getNotesFromTask" time="0.459" classname="com.nagarro.nagp.restassured.assignment.TestC5_NoteFlows"/>
  <testcase name="TC21_deleteNote" time="0.499" classname="com.nagarro.nagp.restassured.assignment.TestC5_NoteFlows"/>
  <testcase name="@AfterSuite publishReport" time="0.0" classname="com.nagarro.nagp.restassured.assignment.BaseClass">
    <ignored/>
  </testcase> <!-- @AfterSuite publishReport -->
  <testcase name="@AfterSuite publishReport" time="0.0" classname="com.nagarro.nagp.restassured.assignment.BaseClass">
    <ignored/>
  </testcase> <!-- @AfterSuite publishReport -->
  <testcase name="@AfterSuite publishReport" time="0.0" classname="com.nagarro.nagp.restassured.assignment.BaseClass">
    <ignored/>
  </testcase> <!-- @AfterSuite publishReport -->
  <testcase name="@AfterSuite publishReport" time="0.0" classname="com.nagarro.nagp.restassured.assignment.BaseClass">
    <ignored/>
  </testcase> <!-- @AfterSuite publishReport -->
  <testcase name="@BeforeSuite initializeSetup" time="0.0" classname="com.nagarro.nagp.restassured.assignment.BaseClass">
    <ignored/>
  </testcase> <!-- @BeforeSuite initializeSetup -->
  <testcase name="@BeforeSuite initializeSetup" time="0.0" classname="com.nagarro.nagp.restassured.assignment.BaseClass">
    <ignored/>
  </testcase> <!-- @BeforeSuite initializeSetup -->
  <testcase name="@BeforeSuite initializeSetup" time="0.0" classname="com.nagarro.nagp.restassured.assignment.BaseClass">
    <ignored/>
  </testcase> <!-- @BeforeSuite initializeSetup -->
  <testcase name="@BeforeSuite initializeSetup" time="0.0" classname="com.nagarro.nagp.restassured.assignment.BaseClass">
    <ignored/>
  </testcase> <!-- @BeforeSuite initializeSetup -->
</testsuite> <!-- Command line test -->
